nohup: ignoring input

  .   ____          _            __ _ _
 /\\ / ___'_ __ _ _(_)_ __  __ _ \ \ \ \
( ( )\___ | '_ | '_| | '_ \/ _` | \ \ \ \
 \\/  ___)| |_)| | | | | || (_| |  ) ) ) )
  '  |____| .__|_| |_|_| |_\__, | / / / /
 =========|_|==============|___/=/_/_/_/

 :: Spring Boot ::                (v3.5.5)

2025-10-01T16:08:43.935+08:00  INFO 10193 --- [app] [           main] web.AppApplication                       : Starting AppApplication v1.0 using Java 21.0.8 with PID 10193 (/mnt/d/CS203Project/CS203-TariffApp/backend/app/target/api-server-1.0.jar started by user in /mnt/d/CS203Project/CS203-TariffApp)
2025-10-01T16:08:43.941+08:00  INFO 10193 --- [app] [           main] web.AppApplication                       : No active profile set, falling back to 1 default profile: "default"
2025-10-01T16:08:47.004+08:00  INFO 10193 --- [app] [           main] o.s.b.w.embedded.tomcat.TomcatWebServer  : Tomcat initialized with port 8080 (http)
2025-10-01T16:08:47.029+08:00  INFO 10193 --- [app] [           main] o.apache.catalina.core.StandardService   : Starting service [Tomcat]
2025-10-01T16:08:47.030+08:00  INFO 10193 --- [app] [           main] o.apache.catalina.core.StandardEngine    : Starting Servlet engine: [Apache Tomcat/10.1.44]
2025-10-01T16:08:47.085+08:00  INFO 10193 --- [app] [           main] o.a.c.c.C.[Tomcat].[localhost].[/]       : Initializing Spring embedded WebApplicationContext
2025-10-01T16:08:47.086+08:00  INFO 10193 --- [app] [           main] w.s.c.ServletWebServerApplicationContext : Root WebApplicationContext: initialization completed in 3023 ms
2025-10-01T16:08:47.561+08:00  INFO 10193 --- [app] [           main] geminianalysis.GeminiController          : GeminiController initialized successfully
2025-10-01T16:08:49.221+08:00  INFO 10193 --- [app] [           main] o.s.b.w.embedded.tomcat.TomcatWebServer  : Tomcat started on port 8080 (http) with context path '/'
2025-10-01T16:08:49.248+08:00  INFO 10193 --- [app] [           main] web.AppApplication                       : Started AppApplication in 6.339 seconds (process running for 7.338)
2025-10-01T16:09:02.065+08:00  INFO 10193 --- [app] [nio-8080-exec-1] o.a.c.c.C.[Tomcat].[localhost].[/]       : Initializing Spring DispatcherServlet 'dispatcherServlet'
2025-10-01T16:09:02.069+08:00  INFO 10193 --- [app] [nio-8080-exec-1] o.s.web.servlet.DispatcherServlet        : Initializing Servlet 'dispatcherServlet'
2025-10-01T16:09:02.075+08:00  INFO 10193 --- [app] [nio-8080-exec-1] o.s.web.servlet.DispatcherServlet        : Completed initialization in 4 ms
2025-10-01T16:09:02.314+08:00  INFO 10193 --- [app] [nio-8080-exec-1] web.ApiCallLogger                        : API Call: http://localhost:8080/health
2025-10-01T16:09:14.289+08:00  INFO 10193 --- [app] [nio-8080-exec-2] web.ApiCallLogger                        : API Call: http://localhost:8080/auth/dev/verify
2025-10-01T16:09:14.938+08:00  INFO 10193 --- [app] [nio-8080-exec-2] com.zaxxer.hikari.HikariDataSource       : HikariPool-1 - Starting...
2025-10-01T16:09:22.215+08:00  INFO 10193 --- [app] [nio-8080-exec-2] com.zaxxer.hikari.pool.HikariPool        : HikariPool-1 - Added connection com.mysql.cj.jdbc.ConnectionImpl@8b7d7cf
2025-10-01T16:09:22.347+08:00  INFO 10193 --- [app] [nio-8080-exec-2] com.zaxxer.hikari.HikariDataSource       : HikariPool-1 - Start completed.
2025-10-01T16:12:53.315+08:00  INFO 10193 --- [app] [nio-8080-exec-4] web.ApiCallLogger                        : API Call: http://localhost:8080/auth/dev/reset
2025-10-01T16:13:10.531+08:00  INFO 10193 --- [app] [nio-8080-exec-5] web.ApiCallLogger                        : API Call: http://localhost:8080/auth/dev/verify
2025-10-01T16:23:07.373+08:00  INFO 10193 --- [app] [nio-8080-exec-7] web.ApiCallLogger                        : API Call: http://localhost:8080/health
2025-10-01T16:23:14.227+08:00  INFO 10193 --- [app] [nio-8080-exec-8] web.ApiCallLogger                        : API Call: http://localhost:8080/auth/dev/reset
2025-10-01T16:23:22.007+08:00  INFO 10193 --- [app] [nio-8080-exec-9] web.ApiCallLogger                        : API Call: http://localhost:8080/auth/dev/reset
2025-10-01T16:25:04.810+08:00  INFO 10193 --- [app] [nio-8080-exec-1] web.ApiCallLogger                        : API Call: http://localhost:8080/auth/dev/reset
Exception in thread "SpringApplicationShutdownHook" java.lang.NoClassDefFoundError: ch/qos/logback/classic/spi/ThrowableProxy
	at ch.qos.logback.classic.spi.LoggingEvent.<init>(LoggingEvent.java:145)
	at ch.qos.logback.classic.Logger.buildLoggingEventAndAppend(Logger.java:424)
	at ch.qos.logback.classic.Logger.filterAndLog_0_Or3Plus(Logger.java:386)
	at ch.qos.logback.classic.Logger.log(Logger.java:780)
	at org.apache.commons.logging.LogAdapter$Slf4jLocationAwareLog.warn(LogAdapter.java:445)
	at org.springframework.context.support.AbstractApplicationContext.doClose(AbstractApplicationContext.java:1175)
	at org.springframework.boot.web.servlet.context.ServletWebServerApplicationContext.doClose(ServletWebServerApplicationContext.java:179)
	at org.springframework.context.support.AbstractApplicationContext.close(AbstractApplicationContext.java:1126)
	at org.springframework.boot.SpringApplicationShutdownHook.closeAndWait(SpringApplicationShutdownHook.java:147)
	at java.base/java.lang.Iterable.forEach(Iterable.java:75)
	at org.springframework.boot.SpringApplicationShutdownHook.run(SpringApplicationShutdownHook.java:116)
	at java.base/java.lang.Thread.run(Thread.java:1583)
Caused by: java.lang.ClassNotFoundException: ch.qos.logback.classic.spi.ThrowableProxy
	... 12 more
